**WARNING** TYPE 400BZ3          THERE ARE NOT PREPARED SUITABLE ADDITION LIBRARIES
**WARNING** TYPE 360BZ3          THERE ARE NOT PREPARED SUITABLE ADDITION LIBRARIES
**WARNING** TYPE 300BZ3          THERE ARE NOT PREPARED SUITABLE ADDITION LIBRARIES
**WARNING** TYPE 220BZ3          THERE ARE NOT PREPARED SUITABLE ADDITION LIBRARIES
**WARNING** TYPE 130BZ3          THERE ARE NOT PREPARED SUITABLE ADDITION LIBRARIES
**WARNING** TYPE G5X33BU40BZ3M06 THERE ARE NOT PREPARED SUITABLE ADDITION LIBRARIES
**WARNING** TYPE G5X33BU40BZ3P09 THERE ARE NOT PREPARED SUITABLE ADDITION LIBRARIES
**WARNING** TYPE G8X24BU30BZ3P09 THERE ARE NOT PREPARED SUITABLE ADDITION LIBRARIES
**WARNING** TYPE CEN1U40BZ3C01   THERE ARE NOT PREPARED SUITABLE ADDITION LIBRARIES
**WARNING** TYPE GUT1U40BZ3C01   THERE ARE NOT PREPARED SUITABLE ADDITION LIBRARIES
**WARNING** TYPE CEN1U30BZ3C01   THERE ARE NOT PREPARED SUITABLE ADDITION LIBRARIES
**WARNING** TYPE GUT1U30BZ3C01   THERE ARE NOT PREPARED SUITABLE ADDITION LIBRARIES
**WARNING** TYPE CEN1U22BZ3C01   THERE ARE NOT PREPARED SUITABLE ADDITION LIBRARIES
**WARNING** TYPE GUT1U22BZ3C01   THERE ARE NOT PREPARED SUITABLE ADDITION LIBRARIES
**WARNING** TYPE CEN1U13BZ3C01   THERE ARE NOT PREPARED SUITABLE ADDITION LIBRARIES
**WARNING** TYPE GUT1U13BZ3C01   THERE ARE NOT PREPARED SUITABLE ADDITION LIBRARIES
**WARNING** TYPE FECELL21        THERE ARE NOT PREPARED SUITABLE ADDITION LIBRARIES
**WARNING** TYPE H2OCELL96       THERE ARE NOT PREPARED SUITABLE ADDITION LIBRARIES
**WARNING** TYPE FE50H2O50(55)   THERE ARE NOT PREPARED SUITABLE ADDITION LIBRARIES
**WARNING** TYPE FE75H2O25(56)   THERE ARE NOT PREPARED SUITABLE ADDITION LIBRARIES
**WARNING** TYPE FE11H2O89P      THERE ARE NOT PREPARED SUITABLE ADDITION LIBRARIES
**WARNING** TYPE FE26H2O74(65)   THERE ARE NOT PREPARED SUITABLE ADDITION LIBRARIES
**WARNING** TYPE FE100PLAN(66)   THERE ARE NOT PREPARED SUITABLE ADDITION LIBRARIES
**WARNING** TYPE FE50H2O50(73)   THERE ARE NOT PREPARED SUITABLE ADDITION LIBRARIES
**WARNING** TYPE H2O100COR       THERE ARE NOT PREPARED SUITABLE ADDITION LIBRARIES
**WARNING** TYPE FE100COR(75)    THERE ARE NOT PREPARED SUITABLE ADDITION LIBRARIES
TYPE P564            THERE IS ADDITIONAL LIBRARY SUITABLE PARAMETER SET NUMBER 1. PARAMETERS: TM=575.00,GAM=  0.72,CB=0.60
TYPE P564            THERE IS ADDITIONAL LIBRARY SUITABLE PARAMETER SET NUMBER 2. PARAMETERS: TM=553.00,GAM=  0.77,CB=1.00
TYPE P564            THERE IS ADDITIONAL LIBRARY SUITABLE PARAMETER SET NUMBER 3. PARAMETERS: TM=473.00,GAM=  0.88,CB=1.00
TYPE P564            THERE IS ADDITIONAL LIBRARY SUITABLE PARAMETER SET NUMBER 4. PARAMETERS: TM=393.00,GAM=  0.95,CB=1.00
TYPE P564            THERE IS ADDITIONAL LIBRARY SUITABLE PARAMETER SET NUMBER 5. PARAMETERS: TM=300.00,GAM=  1.00,CB=1.20
TYPE P96             THERE IS ADDITIONAL LIBRARY SUITABLE PARAMETER SET NUMBER 1. PARAMETERS: TM=575.00,GAM=  0.72,CB=0.60
TYPE P96             THERE IS ADDITIONAL LIBRARY SUITABLE PARAMETER SET NUMBER 2. PARAMETERS: TM=553.00,GAM=  0.77,CB=1.00
TYPE P96             THERE IS ADDITIONAL LIBRARY SUITABLE PARAMETER SET NUMBER 3. PARAMETERS: TM=473.00,GAM=  0.88,CB=1.00
TYPE P96             THERE IS ADDITIONAL LIBRARY SUITABLE PARAMETER SET NUMBER 4. PARAMETERS: TM=393.00,GAM=  0.95,CB=1.00
TYPE P96             THERE IS ADDITIONAL LIBRARY SUITABLE PARAMETER SET NUMBER 5. PARAMETERS: TM=300.00,GAM=  1.00,CB=1.20
TYPE P108            THERE IS ADDITIONAL LIBRARY SUITABLE PARAMETER SET NUMBER 1. PARAMETERS: TM=575.00,GAM=  0.72,CB=0.60
TYPE P108            THERE IS ADDITIONAL LIBRARY SUITABLE PARAMETER SET NUMBER 2. PARAMETERS: TM=553.00,GAM=  0.77,CB=1.00
TYPE P108            THERE IS ADDITIONAL LIBRARY SUITABLE PARAMETER SET NUMBER 3. PARAMETERS: TM=473.00,GAM=  0.88,CB=1.00
TYPE P108            THERE IS ADDITIONAL LIBRARY SUITABLE PARAMETER SET NUMBER 4. PARAMETERS: TM=393.00,GAM=  0.95,CB=1.00
TYPE P108            THERE IS ADDITIONAL LIBRARY SUITABLE PARAMETER SET NUMBER 5. PARAMETERS: TM=300.00,GAM=  1.00,CB=1.20
TYPE P80             THERE IS ADDITIONAL LIBRARY SUITABLE PARAMETER SET NUMBER 1. PARAMETERS: TM=575.00,GAM=  0.72,CB=0.60
TYPE P80             THERE IS ADDITIONAL LIBRARY SUITABLE PARAMETER SET NUMBER 2. PARAMETERS: TM=553.00,GAM=  0.77,CB=1.00
TYPE P80             THERE IS ADDITIONAL LIBRARY SUITABLE PARAMETER SET NUMBER 3. PARAMETERS: TM=473.00,GAM=  0.88,CB=1.00
TYPE P80             THERE IS ADDITIONAL LIBRARY SUITABLE PARAMETER SET NUMBER 4. PARAMETERS: TM=393.00,GAM=  0.95,CB=1.00
TYPE P80             THERE IS ADDITIONAL LIBRARY SUITABLE PARAMETER SET NUMBER 5. PARAMETERS: TM=300.00,GAM=  1.00,CB=1.20
TYPE P124            THERE IS ADDITIONAL LIBRARY SUITABLE PARAMETER SET NUMBER 1. PARAMETERS: TM=575.00,GAM=  0.72,CB=0.60
TYPE P124            THERE IS ADDITIONAL LIBRARY SUITABLE PARAMETER SET NUMBER 2. PARAMETERS: TM=553.00,GAM=  0.77,CB=1.00
TYPE P124            THERE IS ADDITIONAL LIBRARY SUITABLE PARAMETER SET NUMBER 3. PARAMETERS: TM=473.00,GAM=  0.88,CB=1.00
TYPE P124            THERE IS ADDITIONAL LIBRARY SUITABLE PARAMETER SET NUMBER 4. PARAMETERS: TM=393.00,GAM=  0.95,CB=1.00
TYPE P124            THERE IS ADDITIONAL LIBRARY SUITABLE PARAMETER SET NUMBER 5. PARAMETERS: TM=300.00,GAM=  1.00,CB=1.20
TYPE P572            THERE IS ADDITIONAL LIBRARY SUITABLE PARAMETER SET NUMBER 1. PARAMETERS: TM=575.00,GAM=  0.72,CB=0.60
TYPE P572            THERE IS ADDITIONAL LIBRARY SUITABLE PARAMETER SET NUMBER 2. PARAMETERS: TM=553.00,GAM=  0.77,CB=1.00
TYPE P572            THERE IS ADDITIONAL LIBRARY SUITABLE PARAMETER SET NUMBER 3. PARAMETERS: TM=473.00,GAM=  0.88,CB=1.00
TYPE P572            THERE IS ADDITIONAL LIBRARY SUITABLE PARAMETER SET NUMBER 4. PARAMETERS: TM=393.00,GAM=  0.95,CB=1.00
TYPE P572            THERE IS ADDITIONAL LIBRARY SUITABLE PARAMETER SET NUMBER 5. PARAMETERS: TM=300.00,GAM=  1.00,CB=1.20
TYPE P136            THERE IS ADDITIONAL LIBRARY SUITABLE PARAMETER SET NUMBER 1. PARAMETERS: TM=575.00,GAM=  0.72,CB=0.60
TYPE P136            THERE IS ADDITIONAL LIBRARY SUITABLE PARAMETER SET NUMBER 2. PARAMETERS: TM=553.00,GAM=  0.77,CB=1.00
TYPE P136            THERE IS ADDITIONAL LIBRARY SUITABLE PARAMETER SET NUMBER 3. PARAMETERS: TM=473.00,GAM=  0.88,CB=1.00
TYPE P136            THERE IS ADDITIONAL LIBRARY SUITABLE PARAMETER SET NUMBER 4. PARAMETERS: TM=393.00,GAM=  0.95,CB=1.00
TYPE P136            THERE IS ADDITIONAL LIBRARY SUITABLE PARAMETER SET NUMBER 5. PARAMETERS: TM=300.00,GAM=  1.00,CB=1.20
TYPE P152            THERE IS ADDITIONAL LIBRARY SUITABLE PARAMETER SET NUMBER 1. PARAMETERS: TM=575.00,GAM=  0.72,CB=0.60
TYPE P152            THERE IS ADDITIONAL LIBRARY SUITABLE PARAMETER SET NUMBER 2. PARAMETERS: TM=553.00,GAM=  0.77,CB=1.00
TYPE P152            THERE IS ADDITIONAL LIBRARY SUITABLE PARAMETER SET NUMBER 3. PARAMETERS: TM=473.00,GAM=  0.88,CB=1.00
TYPE P152            THERE IS ADDITIONAL LIBRARY SUITABLE PARAMETER SET NUMBER 4. PARAMETERS: TM=393.00,GAM=  0.95,CB=1.00
TYPE P152            THERE IS ADDITIONAL LIBRARY SUITABLE PARAMETER SET NUMBER 5. PARAMETERS: TM=300.00,GAM=  1.00,CB=1.20
TYPE P148            THERE IS ADDITIONAL LIBRARY SUITABLE PARAMETER SET NUMBER 1. PARAMETERS: TM=575.00,GAM=  0.72,CB=0.60
TYPE P148            THERE IS ADDITIONAL LIBRARY SUITABLE PARAMETER SET NUMBER 2. PARAMETERS: TM=553.00,GAM=  0.77,CB=1.00
TYPE P148            THERE IS ADDITIONAL LIBRARY SUITABLE PARAMETER SET NUMBER 3. PARAMETERS: TM=473.00,GAM=  0.88,CB=1.00
TYPE P148            THERE IS ADDITIONAL LIBRARY SUITABLE PARAMETER SET NUMBER 4. PARAMETERS: TM=393.00,GAM=  0.95,CB=1.00
TYPE P148            THERE IS ADDITIONAL LIBRARY SUITABLE PARAMETER SET NUMBER 5. PARAMETERS: TM=300.00,GAM=  1.00,CB=1.20
TYPE P164            THERE IS ADDITIONAL LIBRARY SUITABLE PARAMETER SET NUMBER 1. PARAMETERS: TM=575.00,GAM=  0.72,CB=0.60
TYPE P164            THERE IS ADDITIONAL LIBRARY SUITABLE PARAMETER SET NUMBER 2. PARAMETERS: TM=553.00,GAM=  0.77,CB=1.00
TYPE P164            THERE IS ADDITIONAL LIBRARY SUITABLE PARAMETER SET NUMBER 3. PARAMETERS: TM=473.00,GAM=  0.88,CB=1.00
TYPE P164            THERE IS ADDITIONAL LIBRARY SUITABLE PARAMETER SET NUMBER 4. PARAMETERS: TM=393.00,GAM=  0.95,CB=1.00
TYPE P164            THERE IS ADDITIONAL LIBRARY SUITABLE PARAMETER SET NUMBER 5. PARAMETERS: TM=300.00,GAM=  1.00,CB=1.20
TYPE C512            THERE IS ADDITIONAL LIBRARY SUITABLE PARAMETER SET NUMBER 1. PARAMETERS: TM=575.00,GAM=  0.72,CB=0.60
TYPE C512            THERE IS ADDITIONAL LIBRARY SUITABLE PARAMETER SET NUMBER 2. PARAMETERS: TM=553.00,GAM=  0.77,CB=1.00
TYPE C512            THERE IS ADDITIONAL LIBRARY SUITABLE PARAMETER SET NUMBER 3. PARAMETERS: TM=473.00,GAM=  0.88,CB=1.00
TYPE C512            THERE IS ADDITIONAL LIBRARY SUITABLE PARAMETER SET NUMBER 4. PARAMETERS: TM=393.00,GAM=  0.95,CB=1.00
TYPE C512            THERE IS ADDITIONAL LIBRARY SUITABLE PARAMETER SET NUMBER 5. PARAMETERS: TM=300.00,GAM=  1.00,CB=1.20
TYPE C408            THERE IS ADDITIONAL LIBRARY SUITABLE PARAMETER SET NUMBER 1. PARAMETERS: TM=575.00,GAM=  0.72,CB=0.60
TYPE C408            THERE IS ADDITIONAL LIBRARY SUITABLE PARAMETER SET NUMBER 2. PARAMETERS: TM=553.00,GAM=  0.77,CB=1.00
TYPE C408            THERE IS ADDITIONAL LIBRARY SUITABLE PARAMETER SET NUMBER 3. PARAMETERS: TM=473.00,GAM=  0.88,CB=1.00
TYPE C408            THERE IS ADDITIONAL LIBRARY SUITABLE PARAMETER SET NUMBER 4. PARAMETERS: TM=393.00,GAM=  0.95,CB=1.00
TYPE C408            THERE IS ADDITIONAL LIBRARY SUITABLE PARAMETER SET NUMBER 5. PARAMETERS: TM=300.00,GAM=  1.00,CB=1.20
TYPE C108            THERE IS ADDITIONAL LIBRARY SUITABLE PARAMETER SET NUMBER 1. PARAMETERS: TM=575.00,GAM=  0.72,CB=0.60
TYPE C108            THERE IS ADDITIONAL LIBRARY SUITABLE PARAMETER SET NUMBER 2. PARAMETERS: TM=553.00,GAM=  0.77,CB=1.00
TYPE C108            THERE IS ADDITIONAL LIBRARY SUITABLE PARAMETER SET NUMBER 3. PARAMETERS: TM=473.00,GAM=  0.88,CB=1.00
TYPE C108            THERE IS ADDITIONAL LIBRARY SUITABLE PARAMETER SET NUMBER 4. PARAMETERS: TM=393.00,GAM=  0.95,CB=1.00
TYPE C108            THERE IS ADDITIONAL LIBRARY SUITABLE PARAMETER SET NUMBER 5. PARAMETERS: TM=300.00,GAM=  1.00,CB=1.20
TYPE C96             THERE IS ADDITIONAL LIBRARY SUITABLE PARAMETER SET NUMBER 1. PARAMETERS: TM=575.00,GAM=  0.72,CB=0.60
TYPE C96             THERE IS ADDITIONAL LIBRARY SUITABLE PARAMETER SET NUMBER 2. PARAMETERS: TM=553.00,GAM=  0.77,CB=1.00
TYPE C96             THERE IS ADDITIONAL LIBRARY SUITABLE PARAMETER SET NUMBER 3. PARAMETERS: TM=473.00,GAM=  0.88,CB=1.00
TYPE C96             THERE IS ADDITIONAL LIBRARY SUITABLE PARAMETER SET NUMBER 4. PARAMETERS: TM=393.00,GAM=  0.95,CB=1.00
TYPE C96             THERE IS ADDITIONAL LIBRARY SUITABLE PARAMETER SET NUMBER 5. PARAMETERS: TM=300.00,GAM=  1.00,CB=1.20
TYPE C340            THERE IS ADDITIONAL LIBRARY SUITABLE PARAMETER SET NUMBER 1. PARAMETERS: TM=575.00,GAM=  0.72,CB=0.60
TYPE C340            THERE IS ADDITIONAL LIBRARY SUITABLE PARAMETER SET NUMBER 2. PARAMETERS: TM=553.00,GAM=  0.77,CB=1.00
TYPE C340            THERE IS ADDITIONAL LIBRARY SUITABLE PARAMETER SET NUMBER 3. PARAMETERS: TM=473.00,GAM=  0.88,CB=1.00
TYPE C340            THERE IS ADDITIONAL LIBRARY SUITABLE PARAMETER SET NUMBER 4. PARAMETERS: TM=393.00,GAM=  0.95,CB=1.00
TYPE C340            THERE IS ADDITIONAL LIBRARY SUITABLE PARAMETER SET NUMBER 5. PARAMETERS: TM=300.00,GAM=  1.00,CB=1.20
TYPE C404            THERE IS ADDITIONAL LIBRARY SUITABLE PARAMETER SET NUMBER 1. PARAMETERS: TM=575.00,GAM=  0.72,CB=0.60
TYPE C404            THERE IS ADDITIONAL LIBRARY SUITABLE PARAMETER SET NUMBER 2. PARAMETERS: TM=553.00,GAM=  0.77,CB=1.00
TYPE C404            THERE IS ADDITIONAL LIBRARY SUITABLE PARAMETER SET NUMBER 3. PARAMETERS: TM=473.00,GAM=  0.88,CB=1.00
TYPE C404            THERE IS ADDITIONAL LIBRARY SUITABLE PARAMETER SET NUMBER 4. PARAMETERS: TM=393.00,GAM=  0.95,CB=1.00
TYPE C404            THERE IS ADDITIONAL LIBRARY SUITABLE PARAMETER SET NUMBER 5. PARAMETERS: TM=300.00,GAM=  1.00,CB=1.20
TYPE C88             THERE IS ADDITIONAL LIBRARY SUITABLE PARAMETER SET NUMBER 1. PARAMETERS: TM=575.00,GAM=  0.72,CB=0.60
TYPE C88             THERE IS ADDITIONAL LIBRARY SUITABLE PARAMETER SET NUMBER 2. PARAMETERS: TM=553.00,GAM=  0.77,CB=1.00
TYPE C88             THERE IS ADDITIONAL LIBRARY SUITABLE PARAMETER SET NUMBER 3. PARAMETERS: TM=473.00,GAM=  0.88,CB=1.00
TYPE C88             THERE IS ADDITIONAL LIBRARY SUITABLE PARAMETER SET NUMBER 4. PARAMETERS: TM=393.00,GAM=  0.95,CB=1.00
TYPE C88             THERE IS ADDITIONAL LIBRARY SUITABLE PARAMETER SET NUMBER 5. PARAMETERS: TM=300.00,GAM=  1.00,CB=1.20
TYPE C352            THERE IS ADDITIONAL LIBRARY SUITABLE PARAMETER SET NUMBER 1. PARAMETERS: TM=575.00,GAM=  0.72,CB=0.60
TYPE C352            THERE IS ADDITIONAL LIBRARY SUITABLE PARAMETER SET NUMBER 2. PARAMETERS: TM=553.00,GAM=  0.77,CB=1.00
TYPE C352            THERE IS ADDITIONAL LIBRARY SUITABLE PARAMETER SET NUMBER 3. PARAMETERS: TM=473.00,GAM=  0.88,CB=1.00
TYPE C352            THERE IS ADDITIONAL LIBRARY SUITABLE PARAMETER SET NUMBER 4. PARAMETERS: TM=393.00,GAM=  0.95,CB=1.00
TYPE C352            THERE IS ADDITIONAL LIBRARY SUITABLE PARAMETER SET NUMBER 5. PARAMETERS: TM=300.00,GAM=  1.00,CB=1.20
TYPE C100            THERE IS ADDITIONAL LIBRARY SUITABLE PARAMETER SET NUMBER 1. PARAMETERS: TM=575.00,GAM=  0.72,CB=0.60
TYPE C100            THERE IS ADDITIONAL LIBRARY SUITABLE PARAMETER SET NUMBER 2. PARAMETERS: TM=553.00,GAM=  0.77,CB=1.00
TYPE C100            THERE IS ADDITIONAL LIBRARY SUITABLE PARAMETER SET NUMBER 3. PARAMETERS: TM=473.00,GAM=  0.88,CB=1.00
TYPE C100            THERE IS ADDITIONAL LIBRARY SUITABLE PARAMETER SET NUMBER 4. PARAMETERS: TM=393.00,GAM=  0.95,CB=1.00
TYPE C100            THERE IS ADDITIONAL LIBRARY SUITABLE PARAMETER SET NUMBER 5. PARAMETERS: TM=300.00,GAM=  1.00,CB=1.20
TYPE C412            THERE IS ADDITIONAL LIBRARY SUITABLE PARAMETER SET NUMBER 1. PARAMETERS: TM=575.00,GAM=  0.72,CB=0.60
TYPE C412            THERE IS ADDITIONAL LIBRARY SUITABLE PARAMETER SET NUMBER 2. PARAMETERS: TM=553.00,GAM=  0.77,CB=1.00
TYPE C412            THERE IS ADDITIONAL LIBRARY SUITABLE PARAMETER SET NUMBER 3. PARAMETERS: TM=473.00,GAM=  0.88,CB=1.00
TYPE C412            THERE IS ADDITIONAL LIBRARY SUITABLE PARAMETER SET NUMBER 4. PARAMETERS: TM=393.00,GAM=  0.95,CB=1.00
TYPE C412            THERE IS ADDITIONAL LIBRARY SUITABLE PARAMETER SET NUMBER 5. PARAMETERS: TM=300.00,GAM=  1.00,CB=1.20
TYPE C128            THERE IS ADDITIONAL LIBRARY SUITABLE PARAMETER SET NUMBER 1. PARAMETERS: TM=575.00,GAM=  0.72,CB=0.60
TYPE C128            THERE IS ADDITIONAL LIBRARY SUITABLE PARAMETER SET NUMBER 2. PARAMETERS: TM=553.00,GAM=  0.77,CB=1.00
TYPE C128            THERE IS ADDITIONAL LIBRARY SUITABLE PARAMETER SET NUMBER 3. PARAMETERS: TM=473.00,GAM=  0.88,CB=1.00
TYPE C128            THERE IS ADDITIONAL LIBRARY SUITABLE PARAMETER SET NUMBER 4. PARAMETERS: TM=393.00,GAM=  0.95,CB=1.00
TYPE C128            THERE IS ADDITIONAL LIBRARY SUITABLE PARAMETER SET NUMBER 5. PARAMETERS: TM=300.00,GAM=  1.00,CB=1.20
TYPE C356            THERE IS ADDITIONAL LIBRARY SUITABLE PARAMETER SET NUMBER 1. PARAMETERS: TM=575.00,GAM=  0.72,CB=0.60
TYPE C356            THERE IS ADDITIONAL LIBRARY SUITABLE PARAMETER SET NUMBER 2. PARAMETERS: TM=553.00,GAM=  0.77,CB=1.00
TYPE C356            THERE IS ADDITIONAL LIBRARY SUITABLE PARAMETER SET NUMBER 3. PARAMETERS: TM=473.00,GAM=  0.88,CB=1.00
TYPE C356            THERE IS ADDITIONAL LIBRARY SUITABLE PARAMETER SET NUMBER 4. PARAMETERS: TM=393.00,GAM=  0.95,CB=1.00
TYPE C356            THERE IS ADDITIONAL LIBRARY SUITABLE PARAMETER SET NUMBER 5. PARAMETERS: TM=300.00,GAM=  1.00,CB=1.20
TYPE C144            THERE IS ADDITIONAL LIBRARY SUITABLE PARAMETER SET NUMBER 1. PARAMETERS: TM=575.00,GAM=  0.72,CB=0.60
TYPE C144            THERE IS ADDITIONAL LIBRARY SUITABLE PARAMETER SET NUMBER 2. PARAMETERS: TM=553.00,GAM=  0.77,CB=1.00
TYPE C144            THERE IS ADDITIONAL LIBRARY SUITABLE PARAMETER SET NUMBER 3. PARAMETERS: TM=473.00,GAM=  0.88,CB=1.00
TYPE C144            THERE IS ADDITIONAL LIBRARY SUITABLE PARAMETER SET NUMBER 4. PARAMETERS: TM=393.00,GAM=  0.95,CB=1.00
TYPE C144            THERE IS ADDITIONAL LIBRARY SUITABLE PARAMETER SET NUMBER 5. PARAMETERS: TM=300.00,GAM=  1.00,CB=1.20
TYPE C136            THERE IS ADDITIONAL LIBRARY SUITABLE PARAMETER SET NUMBER 1. PARAMETERS: TM=575.00,GAM=  0.72,CB=0.60
TYPE C136            THERE IS ADDITIONAL LIBRARY SUITABLE PARAMETER SET NUMBER 2. PARAMETERS: TM=553.00,GAM=  0.77,CB=1.00
TYPE C136            THERE IS ADDITIONAL LIBRARY SUITABLE PARAMETER SET NUMBER 3. PARAMETERS: TM=473.00,GAM=  0.88,CB=1.00
TYPE C136            THERE IS ADDITIONAL LIBRARY SUITABLE PARAMETER SET NUMBER 4. PARAMETERS: TM=393.00,GAM=  0.95,CB=1.00
TYPE C136            THERE IS ADDITIONAL LIBRARY SUITABLE PARAMETER SET NUMBER 5. PARAMETERS: TM=300.00,GAM=  1.00,CB=1.20
TYPE C148            THERE IS ADDITIONAL LIBRARY SUITABLE PARAMETER SET NUMBER 1. PARAMETERS: TM=575.00,GAM=  0.72,CB=0.60
TYPE C148            THERE IS ADDITIONAL LIBRARY SUITABLE PARAMETER SET NUMBER 2. PARAMETERS: TM=553.00,GAM=  0.77,CB=1.00
TYPE C148            THERE IS ADDITIONAL LIBRARY SUITABLE PARAMETER SET NUMBER 3. PARAMETERS: TM=473.00,GAM=  0.88,CB=1.00
TYPE C148            THERE IS ADDITIONAL LIBRARY SUITABLE PARAMETER SET NUMBER 4. PARAMETERS: TM=393.00,GAM=  0.95,CB=1.00
TYPE C148            THERE IS ADDITIONAL LIBRARY SUITABLE PARAMETER SET NUMBER 5. PARAMETERS: TM=300.00,GAM=  1.00,CB=1.20
TYPE C156            THERE IS ADDITIONAL LIBRARY SUITABLE PARAMETER SET NUMBER 1. PARAMETERS: TM=575.00,GAM=  0.72,CB=0.60
TYPE C156            THERE IS ADDITIONAL LIBRARY SUITABLE PARAMETER SET NUMBER 2. PARAMETERS: TM=553.00,GAM=  0.77,CB=1.00
TYPE C156            THERE IS ADDITIONAL LIBRARY SUITABLE PARAMETER SET NUMBER 3. PARAMETERS: TM=473.00,GAM=  0.88,CB=1.00
TYPE C156            THERE IS ADDITIONAL LIBRARY SUITABLE PARAMETER SET NUMBER 4. PARAMETERS: TM=393.00,GAM=  0.95,CB=1.00
TYPE C156            THERE IS ADDITIONAL LIBRARY SUITABLE PARAMETER SET NUMBER 5. PARAMETERS: TM=300.00,GAM=  1.00,CB=1.20
 END OF INPUT DATA                                                              
                                                                                
                                                                                
                    
